{"D:\\programms\\node\\express\\build\\app.js": {"path":"D:\\programms\\node\\express\\build\\app.js","statementMap":{"0":{"start":{"line":2,"column":22},"end":{"line":4,"column":1}},"1":{"start":{"line":3,"column":4},"end":{"line":3,"column":62}},"2":{"start":{"line":5,"column":0},"end":{"line":5,"column":62}},"3":{"start":{"line":6,"column":18},"end":{"line":6,"column":53}},"4":{"start":{"line":7,"column":22},"end":{"line":7,"column":61}},"5":{"start":{"line":8,"column":16},"end":{"line":8,"column":62}},"6":{"start":{"line":9,"column":15},"end":{"line":9,"column":60}},"7":{"start":{"line":10,"column":15},"end":{"line":10,"column":47}},"8":{"start":{"line":11,"column":20},"end":{"line":11,"column":74}},"9":{"start":{"line":12,"column":30},"end":{"line":12,"column":94}},"10":{"start":{"line":13,"column":12},"end":{"line":13,"column":36}},"11":{"start":{"line":14,"column":0},"end":{"line":14,"column":38}},"12":{"start":{"line":15,"column":0},"end":{"line":15,"column":31}},"13":{"start":{"line":16,"column":0},"end":{"line":16,"column":39}},"14":{"start":{"line":17,"column":19},"end":{"line":17,"column":34}},"15":{"start":{"line":18,"column":0},"end":{"line":18,"column":51}},"16":{"start":{"line":19,"column":0},"end":{"line":19,"column":29}},"17":{"start":{"line":20,"column":0},"end":{"line":20,"column":22}}},"fnMap":{"0":{"name":"(anonymous_0)","decl":{"start":{"line":2,"column":56},"end":{"line":2,"column":57}},"loc":{"start":{"line":2,"column":71},"end":{"line":4,"column":1}},"line":2}},"branchMap":{"0":{"loc":{"start":{"line":2,"column":22},"end":{"line":4,"column":1}},"type":"binary-expr","locations":[{"start":{"line":2,"column":23},"end":{"line":2,"column":27}},{"start":{"line":2,"column":31},"end":{"line":2,"column":51}},{"start":{"line":2,"column":56},"end":{"line":4,"column":1}}],"line":2},"1":{"loc":{"start":{"line":3,"column":11},"end":{"line":3,"column":61}},"type":"cond-expr","locations":[{"start":{"line":3,"column":37},"end":{"line":3,"column":40}},{"start":{"line":3,"column":43},"end":{"line":3,"column":61}}],"line":3},"2":{"loc":{"start":{"line":3,"column":12},"end":{"line":3,"column":33}},"type":"binary-expr","locations":[{"start":{"line":3,"column":12},"end":{"line":3,"column":15}},{"start":{"line":3,"column":19},"end":{"line":3,"column":33}}],"line":3}},"s":{"0":1,"1":7,"2":1,"3":1,"4":1,"5":1,"6":1,"7":1,"8":1,"9":1,"10":1,"11":1,"12":1,"13":1,"14":1,"15":1,"16":1,"17":1},"f":{"0":7},"b":{"0":[1,1,1],"1":[4,3],"2":[7,7]},"inputSourceMap":null,"_coverageSchema":"1a1c01bbd47fc00a2c39e90264f33305004495a9","hash":"1a5d3e6541a6633324443c6275cd930f9c414dad"}
,"D:\\programms\\node\\express\\build\\src\\config\\config.js": {"path":"D:\\programms\\node\\express\\build\\src\\config\\config.js","statementMap":{"0":{"start":{"line":3,"column":0},"end":{"line":3,"column":27}},"1":{"start":{"line":4,"column":0},"end":{"line":26,"column":2}}},"fnMap":{},"branchMap":{},"s":{"0":1,"1":1},"f":{},"b":{},"inputSourceMap":null,"_coverageSchema":"1a1c01bbd47fc00a2c39e90264f33305004495a9","hash":"5fe3031df216b8b8b006a89597a4507522ea2c01"}
,"D:\\programms\\node\\express\\build\\src\\controllers\\auth.controller.js": {"path":"D:\\programms\\node\\express\\build\\src\\controllers\\auth.controller.js","statementMap":{"0":{"start":{"line":2,"column":16},"end":{"line":10,"column":1}},"1":{"start":{"line":3,"column":28},"end":{"line":3,"column":110}},"2":{"start":{"line":3,"column":91},"end":{"line":3,"column":106}},"3":{"start":{"line":4,"column":4},"end":{"line":9,"column":7}},"4":{"start":{"line":5,"column":36},"end":{"line":5,"column":97}},"5":{"start":{"line":5,"column":42},"end":{"line":5,"column":70}},"6":{"start":{"line":5,"column":85},"end":{"line":5,"column":95}},"7":{"start":{"line":6,"column":35},"end":{"line":6,"column":100}},"8":{"start":{"line":6,"column":41},"end":{"line":6,"column":73}},"9":{"start":{"line":6,"column":88},"end":{"line":6,"column":98}},"10":{"start":{"line":7,"column":32},"end":{"line":7,"column":116}},"11":{"start":{"line":8,"column":8},"end":{"line":8,"column":78}},"12":{"start":{"line":11,"column":22},"end":{"line":13,"column":1}},"13":{"start":{"line":12,"column":4},"end":{"line":12,"column":62}},"14":{"start":{"line":14,"column":0},"end":{"line":14,"column":62}},"15":{"start":{"line":15,"column":0},"end":{"line":15,"column":23}},"16":{"start":{"line":16,"column":19},"end":{"line":16,"column":55}},"17":{"start":{"line":17,"column":23},"end":{"line":17,"column":63}},"18":{"start":{"line":18,"column":26},"end":{"line":18,"column":68}},"19":{"start":{"line":19,"column":24},"end":{"line":19,"column":62}},"20":{"start":{"line":20,"column":14},"end":{"line":41,"column":2}},"21":{"start":{"line":20,"column":28},"end":{"line":41,"column":2}},"22":{"start":{"line":21,"column":17},"end":{"line":21,"column":70}},"23":{"start":{"line":22,"column":4},"end":{"line":26,"column":5}},"24":{"start":{"line":23,"column":8},"end":{"line":25,"column":75}},"25":{"start":{"line":27,"column":20},"end":{"line":32,"column":5}},"26":{"start":{"line":33,"column":4},"end":{"line":39,"column":5}},"27":{"start":{"line":34,"column":23},"end":{"line":34,"column":54}},"28":{"start":{"line":35,"column":28},"end":{"line":35,"column":93}},"29":{"start":{"line":36,"column":8},"end":{"line":38,"column":11}},"30":{"start":{"line":40,"column":4},"end":{"line":40,"column":68}},"31":{"start":{"line":42,"column":0},"end":{"line":42,"column":22}}},"fnMap":{"0":{"name":"(anonymous_0)","decl":{"start":{"line":2,"column":44},"end":{"line":2,"column":45}},"loc":{"start":{"line":2,"column":89},"end":{"line":10,"column":1}},"line":2},"1":{"name":"adopt","decl":{"start":{"line":3,"column":13},"end":{"line":3,"column":18}},"loc":{"start":{"line":3,"column":26},"end":{"line":3,"column":112}},"line":3},"2":{"name":"(anonymous_2)","decl":{"start":{"line":3,"column":70},"end":{"line":3,"column":71}},"loc":{"start":{"line":3,"column":89},"end":{"line":3,"column":108}},"line":3},"3":{"name":"(anonymous_3)","decl":{"start":{"line":4,"column":36},"end":{"line":4,"column":37}},"loc":{"start":{"line":4,"column":63},"end":{"line":9,"column":5}},"line":4},"4":{"name":"fulfilled","decl":{"start":{"line":5,"column":17},"end":{"line":5,"column":26}},"loc":{"start":{"line":5,"column":34},"end":{"line":5,"column":99}},"line":5},"5":{"name":"rejected","decl":{"start":{"line":6,"column":17},"end":{"line":6,"column":25}},"loc":{"start":{"line":6,"column":33},"end":{"line":6,"column":102}},"line":6},"6":{"name":"step","decl":{"start":{"line":7,"column":17},"end":{"line":7,"column":21}},"loc":{"start":{"line":7,"column":30},"end":{"line":7,"column":118}},"line":7},"7":{"name":"(anonymous_7)","decl":{"start":{"line":11,"column":56},"end":{"line":11,"column":57}},"loc":{"start":{"line":11,"column":71},"end":{"line":13,"column":1}},"line":11},"8":{"name":"(anonymous_8)","decl":{"start":{"line":20,"column":14},"end":{"line":20,"column":15}},"loc":{"start":{"line":20,"column":28},"end":{"line":41,"column":2}},"line":20},"9":{"name":"(anonymous_9)","decl":{"start":{"line":20,"column":62},"end":{"line":20,"column":63}},"loc":{"start":{"line":20,"column":75},"end":{"line":41,"column":1}},"line":20}},"branchMap":{"0":{"loc":{"start":{"line":2,"column":16},"end":{"line":10,"column":1}},"type":"binary-expr","locations":[{"start":{"line":2,"column":17},"end":{"line":2,"column":21}},{"start":{"line":2,"column":25},"end":{"line":2,"column":39}},{"start":{"line":2,"column":44},"end":{"line":10,"column":1}}],"line":2},"1":{"loc":{"start":{"line":3,"column":35},"end":{"line":3,"column":109}},"type":"cond-expr","locations":[{"start":{"line":3,"column":56},"end":{"line":3,"column":61}},{"start":{"line":3,"column":64},"end":{"line":3,"column":109}}],"line":3},"2":{"loc":{"start":{"line":4,"column":16},"end":{"line":4,"column":34}},"type":"binary-expr","locations":[{"start":{"line":4,"column":16},"end":{"line":4,"column":17}},{"start":{"line":4,"column":22},"end":{"line":4,"column":33}}],"line":4},"3":{"loc":{"start":{"line":7,"column":32},"end":{"line":7,"column":115}},"type":"cond-expr","locations":[{"start":{"line":7,"column":46},"end":{"line":7,"column":67}},{"start":{"line":7,"column":70},"end":{"line":7,"column":115}}],"line":7},"4":{"loc":{"start":{"line":8,"column":51},"end":{"line":8,"column":67}},"type":"binary-expr","locations":[{"start":{"line":8,"column":51},"end":{"line":8,"column":61}},{"start":{"line":8,"column":65},"end":{"line":8,"column":67}}],"line":8},"5":{"loc":{"start":{"line":11,"column":22},"end":{"line":13,"column":1}},"type":"binary-expr","locations":[{"start":{"line":11,"column":23},"end":{"line":11,"column":27}},{"start":{"line":11,"column":31},"end":{"line":11,"column":51}},{"start":{"line":11,"column":56},"end":{"line":13,"column":1}}],"line":11},"6":{"loc":{"start":{"line":12,"column":11},"end":{"line":12,"column":61}},"type":"cond-expr","locations":[{"start":{"line":12,"column":37},"end":{"line":12,"column":40}},{"start":{"line":12,"column":43},"end":{"line":12,"column":61}}],"line":12},"7":{"loc":{"start":{"line":12,"column":12},"end":{"line":12,"column":33}},"type":"binary-expr","locations":[{"start":{"line":12,"column":12},"end":{"line":12,"column":15}},{"start":{"line":12,"column":19},"end":{"line":12,"column":33}}],"line":12},"8":{"loc":{"start":{"line":22,"column":4},"end":{"line":26,"column":5}},"type":"if","locations":[{"start":{"line":22,"column":4},"end":{"line":26,"column":5}},{"start":{},"end":{}}],"line":22},"9":{"loc":{"start":{"line":33,"column":4},"end":{"line":39,"column":5}},"type":"if","locations":[{"start":{"line":33,"column":4},"end":{"line":39,"column":5}},{"start":{},"end":{}}],"line":33}},"s":{"0":1,"1":1,"2":0,"3":1,"4":0,"5":0,"6":0,"7":1,"8":1,"9":1,"10":1,"11":1,"12":1,"13":2,"14":1,"15":1,"16":1,"17":1,"18":1,"19":1,"20":1,"21":1,"22":1,"23":0,"24":0,"25":0,"26":0,"27":0,"28":0,"29":0,"30":0,"31":1},"f":{"0":1,"1":1,"2":0,"3":1,"4":0,"5":1,"6":1,"7":2,"8":1,"9":1},"b":{"0":[1,1,1],"1":[1,0],"2":[1,1],"3":[0,1],"4":[1,1],"5":[1,1,1],"6":[0,2],"7":[2,2],"8":[0,0],"9":[0,0]},"inputSourceMap":null,"_coverageSchema":"1a1c01bbd47fc00a2c39e90264f33305004495a9","hash":"43e1b606a5370bda8d794475d4894cce211a9328"}
,"D:\\programms\\node\\express\\build\\src\\controllers\\user.controller.js": {"path":"D:\\programms\\node\\express\\build\\src\\controllers\\user.controller.js","statementMap":{"0":{"start":{"line":2,"column":16},"end":{"line":10,"column":1}},"1":{"start":{"line":3,"column":28},"end":{"line":3,"column":110}},"2":{"start":{"line":3,"column":91},"end":{"line":3,"column":106}},"3":{"start":{"line":4,"column":4},"end":{"line":9,"column":7}},"4":{"start":{"line":5,"column":36},"end":{"line":5,"column":97}},"5":{"start":{"line":5,"column":42},"end":{"line":5,"column":70}},"6":{"start":{"line":5,"column":85},"end":{"line":5,"column":95}},"7":{"start":{"line":6,"column":35},"end":{"line":6,"column":100}},"8":{"start":{"line":6,"column":41},"end":{"line":6,"column":73}},"9":{"start":{"line":6,"column":88},"end":{"line":6,"column":98}},"10":{"start":{"line":7,"column":32},"end":{"line":7,"column":116}},"11":{"start":{"line":8,"column":8},"end":{"line":8,"column":78}},"12":{"start":{"line":11,"column":22},"end":{"line":13,"column":1}},"13":{"start":{"line":12,"column":4},"end":{"line":12,"column":62}},"14":{"start":{"line":14,"column":0},"end":{"line":14,"column":62}},"15":{"start":{"line":15,"column":0},"end":{"line":15,"column":95}},"16":{"start":{"line":16,"column":20},"end":{"line":16,"column":40}},"17":{"start":{"line":17,"column":19},"end":{"line":17,"column":55}},"18":{"start":{"line":18,"column":26},"end":{"line":18,"column":68}},"19":{"start":{"line":19,"column":20},"end":{"line":19,"column":22}},"20":{"start":{"line":20,"column":24},"end":{"line":20,"column":62}},"21":{"start":{"line":21,"column":15},"end":{"line":46,"column":2}},"22":{"start":{"line":21,"column":29},"end":{"line":46,"column":2}},"23":{"start":{"line":22,"column":17},"end":{"line":22,"column":76}},"24":{"start":{"line":23,"column":17},"end":{"line":28,"column":5}},"25":{"start":{"line":29,"column":4},"end":{"line":45,"column":5}},"26":{"start":{"line":30,"column":37},"end":{"line":30,"column":86}},"27":{"start":{"line":31,"column":8},"end":{"line":35,"column":9}},"28":{"start":{"line":32,"column":12},"end":{"line":34,"column":15}},"29":{"start":{"line":36,"column":24},"end":{"line":36,"column":62}},"30":{"start":{"line":37,"column":8},"end":{"line":37,"column":33}},"31":{"start":{"line":40,"column":8},"end":{"line":41,"column":37}},"32":{"start":{"line":41,"column":12},"end":{"line":41,"column":37}},"33":{"start":{"line":42,"column":8},"end":{"line":44,"column":11}},"34":{"start":{"line":47,"column":0},"end":{"line":47,"column":24}},"35":{"start":{"line":48,"column":16},"end":{"line":59,"column":2}},"36":{"start":{"line":48,"column":30},"end":{"line":59,"column":2}},"37":{"start":{"line":49,"column":4},"end":{"line":58,"column":5}},"38":{"start":{"line":50,"column":8},"end":{"line":50,"column":50}},"39":{"start":{"line":53,"column":8},"end":{"line":54,"column":37}},"40":{"start":{"line":54,"column":12},"end":{"line":54,"column":37}},"41":{"start":{"line":55,"column":8},"end":{"line":57,"column":11}},"42":{"start":{"line":60,"column":0},"end":{"line":60,"column":26}},"43":{"start":{"line":61,"column":16},"end":{"line":84,"column":2}},"44":{"start":{"line":61,"column":30},"end":{"line":84,"column":2}},"45":{"start":{"line":62,"column":4},"end":{"line":83,"column":5}},"46":{"start":{"line":63,"column":19},"end":{"line":63,"column":32}},"47":{"start":{"line":64,"column":8},"end":{"line":65,"column":52}},"48":{"start":{"line":65,"column":12},"end":{"line":65,"column":52}},"49":{"start":{"line":66,"column":21},"end":{"line":66,"column":59}},"50":{"start":{"line":67,"column":8},"end":{"line":68,"column":34}},"51":{"start":{"line":68,"column":12},"end":{"line":68,"column":34}},"52":{"start":{"line":69,"column":8},"end":{"line":71,"column":11}},"53":{"start":{"line":74,"column":8},"end":{"line":74,"column":25}},"54":{"start":{"line":75,"column":8},"end":{"line":79,"column":9}},"55":{"start":{"line":76,"column":12},"end":{"line":78,"column":15}},"56":{"start":{"line":80,"column":8},"end":{"line":82,"column":11}},"57":{"start":{"line":85,"column":0},"end":{"line":85,"column":26}},"58":{"start":{"line":86,"column":15},"end":{"line":136,"column":2}},"59":{"start":{"line":86,"column":29},"end":{"line":136,"column":2}},"60":{"start":{"line":87,"column":4},"end":{"line":135,"column":5}},"61":{"start":{"line":88,"column":19},"end":{"line":88,"column":32}},"62":{"start":{"line":89,"column":8},"end":{"line":90,"column":52}},"63":{"start":{"line":90,"column":12},"end":{"line":90,"column":52}},"64":{"start":{"line":91,"column":24},"end":{"line":91,"column":62}},"65":{"start":{"line":92,"column":8},"end":{"line":96,"column":9}},"66":{"start":{"line":93,"column":12},"end":{"line":95,"column":15}},"67":{"start":{"line":97,"column":8},"end":{"line":101,"column":9}},"68":{"start":{"line":98,"column":12},"end":{"line":100,"column":15}},"69":{"start":{"line":102,"column":28},"end":{"line":104,"column":30}},"70":{"start":{"line":105,"column":25},"end":{"line":116,"column":9}},"71":{"start":{"line":117,"column":25},"end":{"line":117,"column":71}},"72":{"start":{"line":118,"column":8},"end":{"line":122,"column":9}},"73":{"start":{"line":119,"column":12},"end":{"line":121,"column":15}},"74":{"start":{"line":123,"column":8},"end":{"line":123,"column":26}},"75":{"start":{"line":126,"column":8},"end":{"line":126,"column":25}},"76":{"start":{"line":127,"column":8},"end":{"line":131,"column":9}},"77":{"start":{"line":128,"column":12},"end":{"line":130,"column":15}},"78":{"start":{"line":132,"column":8},"end":{"line":134,"column":11}},"79":{"start":{"line":137,"column":0},"end":{"line":137,"column":24}},"80":{"start":{"line":138,"column":16},"end":{"line":165,"column":2}},"81":{"start":{"line":138,"column":30},"end":{"line":165,"column":2}},"82":{"start":{"line":139,"column":4},"end":{"line":164,"column":5}},"83":{"start":{"line":140,"column":19},"end":{"line":140,"column":32}},"84":{"start":{"line":141,"column":8},"end":{"line":142,"column":52}},"85":{"start":{"line":142,"column":12},"end":{"line":142,"column":52}},"86":{"start":{"line":143,"column":25},"end":{"line":143,"column":61}},"87":{"start":{"line":144,"column":8},"end":{"line":148,"column":9}},"88":{"start":{"line":145,"column":12},"end":{"line":147,"column":15}},"89":{"start":{"line":149,"column":8},"end":{"line":151,"column":11}},"90":{"start":{"line":154,"column":8},"end":{"line":155,"column":37}},"91":{"start":{"line":155,"column":12},"end":{"line":155,"column":37}},"92":{"start":{"line":156,"column":8},"end":{"line":160,"column":9}},"93":{"start":{"line":157,"column":12},"end":{"line":159,"column":15}},"94":{"start":{"line":161,"column":8},"end":{"line":163,"column":11}},"95":{"start":{"line":166,"column":0},"end":{"line":166,"column":26}}},"fnMap":{"0":{"name":"(anonymous_0)","decl":{"start":{"line":2,"column":44},"end":{"line":2,"column":45}},"loc":{"start":{"line":2,"column":89},"end":{"line":10,"column":1}},"line":2},"1":{"name":"adopt","decl":{"start":{"line":3,"column":13},"end":{"line":3,"column":18}},"loc":{"start":{"line":3,"column":26},"end":{"line":3,"column":112}},"line":3},"2":{"name":"(anonymous_2)","decl":{"start":{"line":3,"column":70},"end":{"line":3,"column":71}},"loc":{"start":{"line":3,"column":89},"end":{"line":3,"column":108}},"line":3},"3":{"name":"(anonymous_3)","decl":{"start":{"line":4,"column":36},"end":{"line":4,"column":37}},"loc":{"start":{"line":4,"column":63},"end":{"line":9,"column":5}},"line":4},"4":{"name":"fulfilled","decl":{"start":{"line":5,"column":17},"end":{"line":5,"column":26}},"loc":{"start":{"line":5,"column":34},"end":{"line":5,"column":99}},"line":5},"5":{"name":"rejected","decl":{"start":{"line":6,"column":17},"end":{"line":6,"column":25}},"loc":{"start":{"line":6,"column":33},"end":{"line":6,"column":102}},"line":6},"6":{"name":"step","decl":{"start":{"line":7,"column":17},"end":{"line":7,"column":21}},"loc":{"start":{"line":7,"column":30},"end":{"line":7,"column":118}},"line":7},"7":{"name":"(anonymous_7)","decl":{"start":{"line":11,"column":56},"end":{"line":11,"column":57}},"loc":{"start":{"line":11,"column":71},"end":{"line":13,"column":1}},"line":11},"8":{"name":"(anonymous_8)","decl":{"start":{"line":21,"column":15},"end":{"line":21,"column":16}},"loc":{"start":{"line":21,"column":29},"end":{"line":46,"column":2}},"line":21},"9":{"name":"(anonymous_9)","decl":{"start":{"line":21,"column":63},"end":{"line":21,"column":64}},"loc":{"start":{"line":21,"column":76},"end":{"line":46,"column":1}},"line":21},"10":{"name":"(anonymous_10)","decl":{"start":{"line":48,"column":16},"end":{"line":48,"column":17}},"loc":{"start":{"line":48,"column":30},"end":{"line":59,"column":2}},"line":48},"11":{"name":"(anonymous_11)","decl":{"start":{"line":48,"column":64},"end":{"line":48,"column":65}},"loc":{"start":{"line":48,"column":77},"end":{"line":59,"column":1}},"line":48},"12":{"name":"(anonymous_12)","decl":{"start":{"line":61,"column":16},"end":{"line":61,"column":17}},"loc":{"start":{"line":61,"column":30},"end":{"line":84,"column":2}},"line":61},"13":{"name":"(anonymous_13)","decl":{"start":{"line":61,"column":64},"end":{"line":61,"column":65}},"loc":{"start":{"line":61,"column":77},"end":{"line":84,"column":1}},"line":61},"14":{"name":"(anonymous_14)","decl":{"start":{"line":86,"column":15},"end":{"line":86,"column":16}},"loc":{"start":{"line":86,"column":29},"end":{"line":136,"column":2}},"line":86},"15":{"name":"(anonymous_15)","decl":{"start":{"line":86,"column":63},"end":{"line":86,"column":64}},"loc":{"start":{"line":86,"column":76},"end":{"line":136,"column":1}},"line":86},"16":{"name":"(anonymous_16)","decl":{"start":{"line":138,"column":16},"end":{"line":138,"column":17}},"loc":{"start":{"line":138,"column":30},"end":{"line":165,"column":2}},"line":138},"17":{"name":"(anonymous_17)","decl":{"start":{"line":138,"column":64},"end":{"line":138,"column":65}},"loc":{"start":{"line":138,"column":77},"end":{"line":165,"column":1}},"line":138}},"branchMap":{"0":{"loc":{"start":{"line":2,"column":16},"end":{"line":10,"column":1}},"type":"binary-expr","locations":[{"start":{"line":2,"column":17},"end":{"line":2,"column":21}},{"start":{"line":2,"column":25},"end":{"line":2,"column":39}},{"start":{"line":2,"column":44},"end":{"line":10,"column":1}}],"line":2},"1":{"loc":{"start":{"line":3,"column":35},"end":{"line":3,"column":109}},"type":"cond-expr","locations":[{"start":{"line":3,"column":56},"end":{"line":3,"column":61}},{"start":{"line":3,"column":64},"end":{"line":3,"column":109}}],"line":3},"2":{"loc":{"start":{"line":4,"column":16},"end":{"line":4,"column":34}},"type":"binary-expr","locations":[{"start":{"line":4,"column":16},"end":{"line":4,"column":17}},{"start":{"line":4,"column":22},"end":{"line":4,"column":33}}],"line":4},"3":{"loc":{"start":{"line":7,"column":32},"end":{"line":7,"column":115}},"type":"cond-expr","locations":[{"start":{"line":7,"column":46},"end":{"line":7,"column":67}},{"start":{"line":7,"column":70},"end":{"line":7,"column":115}}],"line":7},"4":{"loc":{"start":{"line":8,"column":51},"end":{"line":8,"column":67}},"type":"binary-expr","locations":[{"start":{"line":8,"column":51},"end":{"line":8,"column":61}},{"start":{"line":8,"column":65},"end":{"line":8,"column":67}}],"line":8},"5":{"loc":{"start":{"line":11,"column":22},"end":{"line":13,"column":1}},"type":"binary-expr","locations":[{"start":{"line":11,"column":23},"end":{"line":11,"column":27}},{"start":{"line":11,"column":31},"end":{"line":11,"column":51}},{"start":{"line":11,"column":56},"end":{"line":13,"column":1}}],"line":11},"6":{"loc":{"start":{"line":12,"column":11},"end":{"line":12,"column":61}},"type":"cond-expr","locations":[{"start":{"line":12,"column":37},"end":{"line":12,"column":40}},{"start":{"line":12,"column":43},"end":{"line":12,"column":61}}],"line":12},"7":{"loc":{"start":{"line":12,"column":12},"end":{"line":12,"column":33}},"type":"binary-expr","locations":[{"start":{"line":12,"column":12},"end":{"line":12,"column":15}},{"start":{"line":12,"column":19},"end":{"line":12,"column":33}}],"line":12},"8":{"loc":{"start":{"line":31,"column":8},"end":{"line":35,"column":9}},"type":"if","locations":[{"start":{"line":31,"column":8},"end":{"line":35,"column":9}},{"start":{},"end":{}}],"line":31},"9":{"loc":{"start":{"line":40,"column":8},"end":{"line":41,"column":37}},"type":"if","locations":[{"start":{"line":40,"column":8},"end":{"line":41,"column":37}},{"start":{},"end":{}}],"line":40},"10":{"loc":{"start":{"line":53,"column":8},"end":{"line":54,"column":37}},"type":"if","locations":[{"start":{"line":53,"column":8},"end":{"line":54,"column":37}},{"start":{},"end":{}}],"line":53},"11":{"loc":{"start":{"line":64,"column":8},"end":{"line":65,"column":52}},"type":"if","locations":[{"start":{"line":64,"column":8},"end":{"line":65,"column":52}},{"start":{},"end":{}}],"line":64},"12":{"loc":{"start":{"line":67,"column":8},"end":{"line":68,"column":34}},"type":"if","locations":[{"start":{"line":67,"column":8},"end":{"line":68,"column":34}},{"start":{},"end":{}}],"line":67},"13":{"loc":{"start":{"line":75,"column":8},"end":{"line":79,"column":9}},"type":"if","locations":[{"start":{"line":75,"column":8},"end":{"line":79,"column":9}},{"start":{},"end":{}}],"line":75},"14":{"loc":{"start":{"line":89,"column":8},"end":{"line":90,"column":52}},"type":"if","locations":[{"start":{"line":89,"column":8},"end":{"line":90,"column":52}},{"start":{},"end":{}}],"line":89},"15":{"loc":{"start":{"line":92,"column":8},"end":{"line":96,"column":9}},"type":"if","locations":[{"start":{"line":92,"column":8},"end":{"line":96,"column":9}},{"start":{},"end":{}}],"line":92},"16":{"loc":{"start":{"line":97,"column":8},"end":{"line":101,"column":9}},"type":"if","locations":[{"start":{"line":97,"column":8},"end":{"line":101,"column":9}},{"start":{},"end":{}}],"line":97},"17":{"loc":{"start":{"line":102,"column":28},"end":{"line":104,"column":30}},"type":"cond-expr","locations":[{"start":{"line":103,"column":14},"end":{"line":103,"column":73}},{"start":{"line":104,"column":14},"end":{"line":104,"column":30}}],"line":102},"18":{"loc":{"start":{"line":106,"column":23},"end":{"line":108,"column":35}},"type":"cond-expr","locations":[{"start":{"line":107,"column":18},"end":{"line":107,"column":36}},{"start":{"line":108,"column":18},"end":{"line":108,"column":35}}],"line":106},"19":{"loc":{"start":{"line":109,"column":22},"end":{"line":111,"column":34}},"type":"cond-expr","locations":[{"start":{"line":110,"column":18},"end":{"line":110,"column":35}},{"start":{"line":111,"column":18},"end":{"line":111,"column":34}}],"line":109},"20":{"loc":{"start":{"line":112,"column":19},"end":{"line":114,"column":31}},"type":"cond-expr","locations":[{"start":{"line":113,"column":18},"end":{"line":113,"column":32}},{"start":{"line":114,"column":18},"end":{"line":114,"column":31}}],"line":112},"21":{"loc":{"start":{"line":118,"column":8},"end":{"line":122,"column":9}},"type":"if","locations":[{"start":{"line":118,"column":8},"end":{"line":122,"column":9}},{"start":{},"end":{}}],"line":118},"22":{"loc":{"start":{"line":127,"column":8},"end":{"line":131,"column":9}},"type":"if","locations":[{"start":{"line":127,"column":8},"end":{"line":131,"column":9}},{"start":{},"end":{}}],"line":127},"23":{"loc":{"start":{"line":141,"column":8},"end":{"line":142,"column":52}},"type":"if","locations":[{"start":{"line":141,"column":8},"end":{"line":142,"column":52}},{"start":{},"end":{}}],"line":141},"24":{"loc":{"start":{"line":144,"column":8},"end":{"line":148,"column":9}},"type":"if","locations":[{"start":{"line":144,"column":8},"end":{"line":148,"column":9}},{"start":{},"end":{}}],"line":144},"25":{"loc":{"start":{"line":154,"column":8},"end":{"line":155,"column":37}},"type":"if","locations":[{"start":{"line":154,"column":8},"end":{"line":155,"column":37}},{"start":{},"end":{}}],"line":154},"26":{"loc":{"start":{"line":156,"column":8},"end":{"line":160,"column":9}},"type":"if","locations":[{"start":{"line":156,"column":8},"end":{"line":160,"column":9}},{"start":{},"end":{}}],"line":156}},"s":{"0":1,"1":0,"2":0,"3":0,"4":0,"5":0,"6":0,"7":0,"8":0,"9":0,"10":0,"11":0,"12":1,"13":1,"14":1,"15":1,"16":1,"17":1,"18":1,"19":1,"20":1,"21":1,"22":0,"23":0,"24":0,"25":0,"26":0,"27":0,"28":0,"29":0,"30":0,"31":0,"32":0,"33":0,"34":1,"35":1,"36":0,"37":0,"38":0,"39":0,"40":0,"41":0,"42":1,"43":1,"44":0,"45":0,"46":0,"47":0,"48":0,"49":0,"50":0,"51":0,"52":0,"53":0,"54":0,"55":0,"56":0,"57":1,"58":1,"59":0,"60":0,"61":0,"62":0,"63":0,"64":0,"65":0,"66":0,"67":0,"68":0,"69":0,"70":0,"71":0,"72":0,"73":0,"74":0,"75":0,"76":0,"77":0,"78":0,"79":1,"80":1,"81":0,"82":0,"83":0,"84":0,"85":0,"86":0,"87":0,"88":0,"89":0,"90":0,"91":0,"92":0,"93":0,"94":0,"95":1},"f":{"0":0,"1":0,"2":0,"3":0,"4":0,"5":0,"6":0,"7":1,"8":0,"9":0,"10":0,"11":0,"12":0,"13":0,"14":0,"15":0,"16":0,"17":0},"b":{"0":[1,1,1],"1":[0,0],"2":[0,0],"3":[0,0],"4":[0,0],"5":[1,1,1],"6":[0,1],"7":[1,1],"8":[0,0],"9":[0,0],"10":[0,0],"11":[0,0],"12":[0,0],"13":[0,0],"14":[0,0],"15":[0,0],"16":[0,0],"17":[0,0],"18":[0,0],"19":[0,0],"20":[0,0],"21":[0,0],"22":[0,0],"23":[0,0],"24":[0,0],"25":[0,0],"26":[0,0]},"inputSourceMap":null,"_coverageSchema":"1a1c01bbd47fc00a2c39e90264f33305004495a9","hash":"58bc7a556dd3b65346906776c58d6a5ee8275f54"}
,"D:\\programms\\node\\express\\build\\src\\middleware\\authorize.js": {"path":"D:\\programms\\node\\express\\build\\src\\middleware\\authorize.js","statementMap":{"0":{"start":{"line":2,"column":22},"end":{"line":12,"column":3}},"1":{"start":{"line":3,"column":4},"end":{"line":3,"column":33}},"2":{"start":{"line":3,"column":26},"end":{"line":3,"column":33}},"3":{"start":{"line":4,"column":15},"end":{"line":4,"column":52}},"4":{"start":{"line":5,"column":4},"end":{"line":7,"column":5}},"5":{"start":{"line":6,"column":6},"end":{"line":6,"column":68}},"6":{"start":{"line":6,"column":51},"end":{"line":6,"column":63}},"7":{"start":{"line":8,"column":4},"end":{"line":8,"column":39}},"8":{"start":{"line":10,"column":4},"end":{"line":10,"column":33}},"9":{"start":{"line":10,"column":26},"end":{"line":10,"column":33}},"10":{"start":{"line":11,"column":4},"end":{"line":11,"column":17}},"11":{"start":{"line":13,"column":25},"end":{"line":17,"column":2}},"12":{"start":{"line":14,"column":4},"end":{"line":14,"column":72}},"13":{"start":{"line":16,"column":4},"end":{"line":16,"column":21}},"14":{"start":{"line":18,"column":19},"end":{"line":24,"column":1}},"15":{"start":{"line":19,"column":4},"end":{"line":19,"column":42}},"16":{"start":{"line":19,"column":31},"end":{"line":19,"column":42}},"17":{"start":{"line":20,"column":17},"end":{"line":20,"column":19}},"18":{"start":{"line":21,"column":4},"end":{"line":21,"column":141}},"19":{"start":{"line":21,"column":21},"end":{"line":21,"column":141}},"20":{"start":{"line":21,"column":40},"end":{"line":21,"column":141}},"21":{"start":{"line":21,"column":109},"end":{"line":21,"column":141}},"22":{"start":{"line":22,"column":4},"end":{"line":22,"column":36}},"23":{"start":{"line":23,"column":4},"end":{"line":23,"column":18}},"24":{"start":{"line":25,"column":0},"end":{"line":25,"column":62}},"25":{"start":{"line":26,"column":23},"end":{"line":26,"column":60}},"26":{"start":{"line":28,"column":23},"end":{"line":28,"column":48}},"27":{"start":{"line":29,"column":4},"end":{"line":50,"column":5}},"28":{"start":{"line":30,"column":8},"end":{"line":32,"column":9}},"29":{"start":{"line":31,"column":12},"end":{"line":31,"column":63}},"30":{"start":{"line":33,"column":22},"end":{"line":33,"column":46}},"31":{"start":{"line":34,"column":23},"end":{"line":34,"column":54}},"32":{"start":{"line":35,"column":8},"end":{"line":36,"column":69}},"33":{"start":{"line":36,"column":12},"end":{"line":36,"column":69}},"34":{"start":{"line":37,"column":8},"end":{"line":45,"column":11}},"35":{"start":{"line":38,"column":12},"end":{"line":43,"column":13}},"36":{"start":{"line":39,"column":16},"end":{"line":41,"column":17}},"37":{"start":{"line":40,"column":20},"end":{"line":40,"column":104}},"38":{"start":{"line":42,"column":16},"end":{"line":42,"column":84}},"39":{"start":{"line":44,"column":12},"end":{"line":44,"column":19}},"40":{"start":{"line":48,"column":20},"end":{"line":48,"column":90}},"41":{"start":{"line":49,"column":8},"end":{"line":49,"column":54}},"42":{"start":{"line":52,"column":0},"end":{"line":52,"column":28}}},"fnMap":{"0":{"name":"(anonymous_0)","decl":{"start":{"line":2,"column":74},"end":{"line":2,"column":75}},"loc":{"start":{"line":2,"column":96},"end":{"line":9,"column":1}},"line":2},"1":{"name":"(anonymous_1)","decl":{"start":{"line":6,"column":38},"end":{"line":6,"column":39}},"loc":{"start":{"line":6,"column":49},"end":{"line":6,"column":65}},"line":6},"2":{"name":"(anonymous_2)","decl":{"start":{"line":9,"column":6},"end":{"line":9,"column":7}},"loc":{"start":{"line":9,"column":28},"end":{"line":12,"column":1}},"line":9},"3":{"name":"(anonymous_3)","decl":{"start":{"line":13,"column":80},"end":{"line":13,"column":81}},"loc":{"start":{"line":13,"column":95},"end":{"line":15,"column":1}},"line":13},"4":{"name":"(anonymous_4)","decl":{"start":{"line":15,"column":5},"end":{"line":15,"column":6}},"loc":{"start":{"line":15,"column":20},"end":{"line":17,"column":1}},"line":15},"5":{"name":"(anonymous_5)","decl":{"start":{"line":18,"column":50},"end":{"line":18,"column":51}},"loc":{"start":{"line":18,"column":65},"end":{"line":24,"column":1}},"line":18},"6":{"name":"authorize","decl":{"start":{"line":27,"column":9},"end":{"line":27,"column":18}},"loc":{"start":{"line":27,"column":35},"end":{"line":51,"column":1}},"line":27},"7":{"name":"(anonymous_7)","decl":{"start":{"line":37,"column":53},"end":{"line":37,"column":54}},"loc":{"start":{"line":37,"column":68},"end":{"line":45,"column":9}},"line":37}},"branchMap":{"0":{"loc":{"start":{"line":2,"column":22},"end":{"line":12,"column":3}},"type":"binary-expr","locations":[{"start":{"line":2,"column":23},"end":{"line":2,"column":27}},{"start":{"line":2,"column":31},"end":{"line":2,"column":51}},{"start":{"line":2,"column":57},"end":{"line":12,"column":2}}],"line":2},"1":{"loc":{"start":{"line":2,"column":57},"end":{"line":12,"column":2}},"type":"cond-expr","locations":[{"start":{"line":2,"column":74},"end":{"line":9,"column":1}},{"start":{"line":9,"column":6},"end":{"line":12,"column":1}}],"line":2},"2":{"loc":{"start":{"line":3,"column":4},"end":{"line":3,"column":33}},"type":"if","locations":[{"start":{"line":3,"column":4},"end":{"line":3,"column":33}},{"start":{},"end":{}}],"line":3},"3":{"loc":{"start":{"line":5,"column":4},"end":{"line":7,"column":5}},"type":"if","locations":[{"start":{"line":5,"column":4},"end":{"line":7,"column":5}},{"start":{},"end":{}}],"line":5},"4":{"loc":{"start":{"line":5,"column":8},"end":{"line":5,"column":85}},"type":"binary-expr","locations":[{"start":{"line":5,"column":8},"end":{"line":5,"column":13}},{"start":{"line":5,"column":18},"end":{"line":5,"column":84}}],"line":5},"5":{"loc":{"start":{"line":5,"column":18},"end":{"line":5,"column":84}},"type":"cond-expr","locations":[{"start":{"line":5,"column":34},"end":{"line":5,"column":47}},{"start":{"line":5,"column":50},"end":{"line":5,"column":84}}],"line":5},"6":{"loc":{"start":{"line":5,"column":50},"end":{"line":5,"column":84}},"type":"binary-expr","locations":[{"start":{"line":5,"column":50},"end":{"line":5,"column":63}},{"start":{"line":5,"column":67},"end":{"line":5,"column":84}}],"line":5},"7":{"loc":{"start":{"line":10,"column":4},"end":{"line":10,"column":33}},"type":"if","locations":[{"start":{"line":10,"column":4},"end":{"line":10,"column":33}},{"start":{},"end":{}}],"line":10},"8":{"loc":{"start":{"line":13,"column":25},"end":{"line":17,"column":2}},"type":"binary-expr","locations":[{"start":{"line":13,"column":26},"end":{"line":13,"column":30}},{"start":{"line":13,"column":34},"end":{"line":13,"column":57}},{"start":{"line":13,"column":63},"end":{"line":17,"column":1}}],"line":13},"9":{"loc":{"start":{"line":13,"column":63},"end":{"line":17,"column":1}},"type":"cond-expr","locations":[{"start":{"line":13,"column":80},"end":{"line":15,"column":1}},{"start":{"line":15,"column":5},"end":{"line":17,"column":1}}],"line":13},"10":{"loc":{"start":{"line":18,"column":19},"end":{"line":24,"column":1}},"type":"binary-expr","locations":[{"start":{"line":18,"column":20},"end":{"line":18,"column":24}},{"start":{"line":18,"column":28},"end":{"line":18,"column":45}},{"start":{"line":18,"column":50},"end":{"line":24,"column":1}}],"line":18},"11":{"loc":{"start":{"line":19,"column":4},"end":{"line":19,"column":42}},"type":"if","locations":[{"start":{"line":19,"column":4},"end":{"line":19,"column":42}},{"start":{},"end":{}}],"line":19},"12":{"loc":{"start":{"line":19,"column":8},"end":{"line":19,"column":29}},"type":"binary-expr","locations":[{"start":{"line":19,"column":8},"end":{"line":19,"column":11}},{"start":{"line":19,"column":15},"end":{"line":19,"column":29}}],"line":19},"13":{"loc":{"start":{"line":21,"column":4},"end":{"line":21,"column":141}},"type":"if","locations":[{"start":{"line":21,"column":4},"end":{"line":21,"column":141}},{"start":{},"end":{}}],"line":21},"14":{"loc":{"start":{"line":21,"column":40},"end":{"line":21,"column":141}},"type":"if","locations":[{"start":{"line":21,"column":40},"end":{"line":21,"column":141}},{"start":{},"end":{}}],"line":21},"15":{"loc":{"start":{"line":21,"column":44},"end":{"line":21,"column":107}},"type":"binary-expr","locations":[{"start":{"line":21,"column":44},"end":{"line":21,"column":59}},{"start":{"line":21,"column":63},"end":{"line":21,"column":107}}],"line":21},"16":{"loc":{"start":{"line":30,"column":8},"end":{"line":32,"column":9}},"type":"if","locations":[{"start":{"line":30,"column":8},"end":{"line":32,"column":9}},{"start":{},"end":{}}],"line":30},"17":{"loc":{"start":{"line":35,"column":8},"end":{"line":36,"column":69}},"type":"if","locations":[{"start":{"line":35,"column":8},"end":{"line":36,"column":69}},{"start":{},"end":{}}],"line":35},"18":{"loc":{"start":{"line":38,"column":12},"end":{"line":43,"column":13}},"type":"if","locations":[{"start":{"line":38,"column":12},"end":{"line":43,"column":13}},{"start":{},"end":{}}],"line":38},"19":{"loc":{"start":{"line":39,"column":16},"end":{"line":41,"column":17}},"type":"if","locations":[{"start":{"line":39,"column":16},"end":{"line":41,"column":17}},{"start":{},"end":{}}],"line":39},"20":{"loc":{"start":{"line":48,"column":20},"end":{"line":48,"column":90}},"type":"cond-expr","locations":[{"start":{"line":48,"column":43},"end":{"line":48,"column":73}},{"start":{"line":48,"column":76},"end":{"line":48,"column":90}}],"line":48}},"s":{"0":1,"1":6,"2":6,"3":6,"4":6,"5":6,"6":0,"7":6,"8":0,"9":0,"10":0,"11":1,"12":1,"13":0,"14":1,"15":1,"16":0,"17":1,"18":1,"19":1,"20":6,"21":6,"22":1,"23":1,"24":1,"25":1,"26":0,"27":0,"28":0,"29":0,"30":0,"31":0,"32":0,"33":0,"34":0,"35":0,"36":0,"37":0,"38":0,"39":0,"40":0,"41":0,"42":1},"f":{"0":6,"1":0,"2":0,"3":1,"4":0,"5":1,"6":0,"7":0},"b":{"0":[1,1,1],"1":[1,0],"2":[6,0],"3":[6,0],"4":[6,6],"5":[0,6],"6":[6,0],"7":[0,0],"8":[1,1,1],"9":[1,0],"10":[1,1,1],"11":[0,1],"12":[1,1],"13":[1,0],"14":[6,0],"15":[6,6],"16":[0,0],"17":[0,0],"18":[0,0],"19":[0,0],"20":[0,0]},"inputSourceMap":null,"_coverageSchema":"1a1c01bbd47fc00a2c39e90264f33305004495a9","hash":"eefd03e84500fba1c3a718076e56ea67aa703f6c"}
,"D:\\programms\\node\\express\\build\\src\\middleware\\request-validation.js": {"path":"D:\\programms\\node\\express\\build\\src\\middleware\\request-validation.js","statementMap":{"0":{"start":{"line":2,"column":16},"end":{"line":10,"column":1}},"1":{"start":{"line":3,"column":28},"end":{"line":3,"column":110}},"2":{"start":{"line":3,"column":91},"end":{"line":3,"column":106}},"3":{"start":{"line":4,"column":4},"end":{"line":9,"column":7}},"4":{"start":{"line":5,"column":36},"end":{"line":5,"column":97}},"5":{"start":{"line":5,"column":42},"end":{"line":5,"column":70}},"6":{"start":{"line":5,"column":85},"end":{"line":5,"column":95}},"7":{"start":{"line":6,"column":35},"end":{"line":6,"column":100}},"8":{"start":{"line":6,"column":41},"end":{"line":6,"column":73}},"9":{"start":{"line":6,"column":88},"end":{"line":6,"column":98}},"10":{"start":{"line":7,"column":32},"end":{"line":7,"column":116}},"11":{"start":{"line":8,"column":8},"end":{"line":8,"column":78}},"12":{"start":{"line":11,"column":0},"end":{"line":11,"column":62}},"13":{"start":{"line":12,"column":0},"end":{"line":12,"column":33}},"14":{"start":{"line":13,"column":28},"end":{"line":13,"column":56}},"15":{"start":{"line":14,"column":24},"end":{"line":22,"column":2}},"16":{"start":{"line":14,"column":40},"end":{"line":22,"column":2}},"17":{"start":{"line":14,"column":60},"end":{"line":22,"column":2}},"18":{"start":{"line":15,"column":28},"end":{"line":15,"column":76}},"19":{"start":{"line":16,"column":4},"end":{"line":16,"column":139}},"20":{"start":{"line":16,"column":58},"end":{"line":16,"column":136}},"21":{"start":{"line":16,"column":107},"end":{"line":16,"column":133}},"22":{"start":{"line":17,"column":19},"end":{"line":17,"column":65}},"23":{"start":{"line":18,"column":4},"end":{"line":20,"column":5}},"24":{"start":{"line":19,"column":8},"end":{"line":19,"column":64}},"25":{"start":{"line":21,"column":4},"end":{"line":21,"column":11}},"26":{"start":{"line":23,"column":0},"end":{"line":23,"column":42}}},"fnMap":{"0":{"name":"(anonymous_0)","decl":{"start":{"line":2,"column":44},"end":{"line":2,"column":45}},"loc":{"start":{"line":2,"column":89},"end":{"line":10,"column":1}},"line":2},"1":{"name":"adopt","decl":{"start":{"line":3,"column":13},"end":{"line":3,"column":18}},"loc":{"start":{"line":3,"column":26},"end":{"line":3,"column":112}},"line":3},"2":{"name":"(anonymous_2)","decl":{"start":{"line":3,"column":70},"end":{"line":3,"column":71}},"loc":{"start":{"line":3,"column":89},"end":{"line":3,"column":108}},"line":3},"3":{"name":"(anonymous_3)","decl":{"start":{"line":4,"column":36},"end":{"line":4,"column":37}},"loc":{"start":{"line":4,"column":63},"end":{"line":9,"column":5}},"line":4},"4":{"name":"fulfilled","decl":{"start":{"line":5,"column":17},"end":{"line":5,"column":26}},"loc":{"start":{"line":5,"column":34},"end":{"line":5,"column":99}},"line":5},"5":{"name":"rejected","decl":{"start":{"line":6,"column":17},"end":{"line":6,"column":25}},"loc":{"start":{"line":6,"column":33},"end":{"line":6,"column":102}},"line":6},"6":{"name":"step","decl":{"start":{"line":7,"column":17},"end":{"line":7,"column":21}},"loc":{"start":{"line":7,"column":30},"end":{"line":7,"column":118}},"line":7},"7":{"name":"(anonymous_7)","decl":{"start":{"line":14,"column":24},"end":{"line":14,"column":25}},"loc":{"start":{"line":14,"column":40},"end":{"line":22,"column":2}},"line":14},"8":{"name":"(anonymous_8)","decl":{"start":{"line":14,"column":40},"end":{"line":14,"column":41}},"loc":{"start":{"line":14,"column":60},"end":{"line":22,"column":2}},"line":14},"9":{"name":"(anonymous_9)","decl":{"start":{"line":14,"column":94},"end":{"line":14,"column":95}},"loc":{"start":{"line":14,"column":107},"end":{"line":22,"column":1}},"line":14},"10":{"name":"(anonymous_10)","decl":{"start":{"line":16,"column":42},"end":{"line":16,"column":43}},"loc":{"start":{"line":16,"column":58},"end":{"line":16,"column":136}},"line":16},"11":{"name":"(anonymous_11)","decl":{"start":{"line":16,"column":92},"end":{"line":16,"column":93}},"loc":{"start":{"line":16,"column":105},"end":{"line":16,"column":135}},"line":16}},"branchMap":{"0":{"loc":{"start":{"line":2,"column":16},"end":{"line":10,"column":1}},"type":"binary-expr","locations":[{"start":{"line":2,"column":17},"end":{"line":2,"column":21}},{"start":{"line":2,"column":25},"end":{"line":2,"column":39}},{"start":{"line":2,"column":44},"end":{"line":10,"column":1}}],"line":2},"1":{"loc":{"start":{"line":3,"column":35},"end":{"line":3,"column":109}},"type":"cond-expr","locations":[{"start":{"line":3,"column":56},"end":{"line":3,"column":61}},{"start":{"line":3,"column":64},"end":{"line":3,"column":109}}],"line":3},"2":{"loc":{"start":{"line":4,"column":16},"end":{"line":4,"column":34}},"type":"binary-expr","locations":[{"start":{"line":4,"column":16},"end":{"line":4,"column":17}},{"start":{"line":4,"column":22},"end":{"line":4,"column":33}}],"line":4},"3":{"loc":{"start":{"line":7,"column":32},"end":{"line":7,"column":115}},"type":"cond-expr","locations":[{"start":{"line":7,"column":46},"end":{"line":7,"column":67}},{"start":{"line":7,"column":70},"end":{"line":7,"column":115}}],"line":7},"4":{"loc":{"start":{"line":8,"column":51},"end":{"line":8,"column":67}},"type":"binary-expr","locations":[{"start":{"line":8,"column":51},"end":{"line":8,"column":61}},{"start":{"line":8,"column":65},"end":{"line":8,"column":67}}],"line":8},"5":{"loc":{"start":{"line":18,"column":4},"end":{"line":20,"column":5}},"type":"if","locations":[{"start":{"line":18,"column":4},"end":{"line":20,"column":5}},{"start":{},"end":{}}],"line":18}},"s":{"0":1,"1":3,"2":0,"3":3,"4":3,"5":3,"6":0,"7":0,"8":0,"9":0,"10":6,"11":3,"12":1,"13":1,"14":1,"15":1,"16":3,"17":1,"18":1,"19":1,"20":2,"21":2,"22":1,"23":1,"24":0,"25":1,"26":1},"f":{"0":3,"1":3,"2":0,"3":3,"4":3,"5":0,"6":6,"7":3,"8":1,"9":1,"10":2,"11":2},"b":{"0":[1,1,1],"1":[3,0],"2":[3,3],"3":[3,3],"4":[3,3],"5":[0,1]},"inputSourceMap":null,"_coverageSchema":"1a1c01bbd47fc00a2c39e90264f33305004495a9","hash":"3752bbb72d0d45fdc9beec630f86479dc5a0969e"}
,"D:\\programms\\node\\express\\build\\src\\middleware\\verify-content-type.js": {"path":"D:\\programms\\node\\express\\build\\src\\middleware\\verify-content-type.js","statementMap":{"0":{"start":{"line":2,"column":0},"end":{"line":2,"column":62}},"1":{"start":{"line":3,"column":0},"end":{"line":8,"column":2}},"2":{"start":{"line":4,"column":4},"end":{"line":6,"column":5}},"3":{"start":{"line":5,"column":8},"end":{"line":5,"column":80}},"4":{"start":{"line":7,"column":4},"end":{"line":7,"column":11}}},"fnMap":{"0":{"name":"(anonymous_0)","decl":{"start":{"line":3,"column":18},"end":{"line":3,"column":19}},"loc":{"start":{"line":3,"column":38},"end":{"line":8,"column":1}},"line":3}},"branchMap":{"0":{"loc":{"start":{"line":4,"column":4},"end":{"line":6,"column":5}},"type":"if","locations":[{"start":{"line":4,"column":4},"end":{"line":6,"column":5}},{"start":{},"end":{}}],"line":4},"1":{"loc":{"start":{"line":4,"column":8},"end":{"line":4,"column":88}},"type":"binary-expr","locations":[{"start":{"line":4,"column":9},"end":{"line":4,"column":29}},{"start":{"line":4,"column":33},"end":{"line":4,"column":56}},{"start":{"line":4,"column":61},"end":{"line":4,"column":88}}],"line":4}},"s":{"0":1,"1":1,"2":1,"3":0,"4":1},"f":{"0":1},"b":{"0":[0,1],"1":[1,1,1]},"inputSourceMap":null,"_coverageSchema":"1a1c01bbd47fc00a2c39e90264f33305004495a9","hash":"9a4f7b077cbc2238f072c0daeef27ae9612cea7c"}
,"D:\\programms\\node\\express\\build\\src\\middleware\\validators\\login-validations.js": {"path":"D:\\programms\\node\\express\\build\\src\\middleware\\validators\\login-validations.js","statementMap":{"0":{"start":{"line":2,"column":0},"end":{"line":2,"column":62}},"1":{"start":{"line":3,"column":0},"end":{"line":14,"column":2}}},"fnMap":{},"branchMap":{},"s":{"0":1,"1":1},"f":{},"b":{},"inputSourceMap":null,"_coverageSchema":"1a1c01bbd47fc00a2c39e90264f33305004495a9","hash":"938e2a0eb0e6454bad30cd8382754e93d5536703"}
,"D:\\programms\\node\\express\\build\\src\\middleware\\validators\\users-requests-validations.js": {"path":"D:\\programms\\node\\express\\build\\src\\middleware\\validators\\users-requests-validations.js","statementMap":{"0":{"start":{"line":2,"column":0},"end":{"line":2,"column":62}},"1":{"start":{"line":3,"column":0},"end":{"line":3,"column":58}},"2":{"start":{"line":4,"column":0},"end":{"line":25,"column":2}},"3":{"start":{"line":26,"column":0},"end":{"line":49,"column":2}}},"fnMap":{},"branchMap":{},"s":{"0":1,"1":1,"2":1,"3":1},"f":{},"b":{},"inputSourceMap":null,"_coverageSchema":"1a1c01bbd47fc00a2c39e90264f33305004495a9","hash":"1a09b22d03ce21d85140ec973948177372be9ada"}
,"D:\\programms\\node\\express\\build\\src\\models\\index.js": {"path":"D:\\programms\\node\\express\\build\\src\\models\\index.js","statementMap":{"0":{"start":{"line":2,"column":22},"end":{"line":4,"column":1}},"1":{"start":{"line":3,"column":4},"end":{"line":3,"column":62}},"2":{"start":{"line":6,"column":0},"end":{"line":6,"column":62}},"3":{"start":{"line":7,"column":15},"end":{"line":7,"column":32}},"4":{"start":{"line":8,"column":31},"end":{"line":8,"column":62}},"5":{"start":{"line":9,"column":18},"end":{"line":9,"column":53}},"6":{"start":{"line":10,"column":20},"end":{"line":10,"column":67}},"7":{"start":{"line":11,"column":12},"end":{"line":11,"column":96}},"8":{"start":{"line":12,"column":18},"end":{"line":12,"column":42}},"9":{"start":{"line":13,"column":18},"end":{"line":13,"column":125}},"10":{"start":{"line":14,"column":0},"end":{"line":14,"column":35}},"11":{"start":{"line":15,"column":0},"end":{"line":15,"column":28}}},"fnMap":{"0":{"name":"(anonymous_0)","decl":{"start":{"line":2,"column":56},"end":{"line":2,"column":57}},"loc":{"start":{"line":2,"column":71},"end":{"line":4,"column":1}},"line":2}},"branchMap":{"0":{"loc":{"start":{"line":2,"column":22},"end":{"line":4,"column":1}},"type":"binary-expr","locations":[{"start":{"line":2,"column":23},"end":{"line":2,"column":27}},{"start":{"line":2,"column":31},"end":{"line":2,"column":51}},{"start":{"line":2,"column":56},"end":{"line":4,"column":1}}],"line":2},"1":{"loc":{"start":{"line":3,"column":11},"end":{"line":3,"column":61}},"type":"cond-expr","locations":[{"start":{"line":3,"column":37},"end":{"line":3,"column":40}},{"start":{"line":3,"column":43},"end":{"line":3,"column":61}}],"line":3},"2":{"loc":{"start":{"line":3,"column":12},"end":{"line":3,"column":33}},"type":"binary-expr","locations":[{"start":{"line":3,"column":12},"end":{"line":3,"column":15}},{"start":{"line":3,"column":19},"end":{"line":3,"column":33}}],"line":3},"3":{"loc":{"start":{"line":11,"column":12},"end":{"line":11,"column":96}},"type":"cond-expr","locations":[{"start":{"line":11,"column":78},"end":{"line":11,"column":80}},{"start":{"line":11,"column":83},"end":{"line":11,"column":96}}],"line":11},"4":{"loc":{"start":{"line":11,"column":12},"end":{"line":11,"column":75}},"type":"binary-expr","locations":[{"start":{"line":11,"column":12},"end":{"line":11,"column":58}},{"start":{"line":11,"column":62},"end":{"line":11,"column":75}}],"line":11}},"s":{"0":1,"1":2,"2":1,"3":1,"4":1,"5":1,"6":1,"7":1,"8":1,"9":1,"10":1,"11":1},"f":{"0":2},"b":{"0":[1,1,1],"1":[0,2],"2":[2,2],"3":[1,0],"4":[1,1]},"inputSourceMap":null,"_coverageSchema":"1a1c01bbd47fc00a2c39e90264f33305004495a9","hash":"be6b0f3448b34eecc4c164fcb7654e5b1a8f93ac"}
,"D:\\programms\\node\\express\\build\\src\\models\\user.js": {"path":"D:\\programms\\node\\express\\build\\src\\models\\user.js","statementMap":{"0":{"start":{"line":2,"column":17},"end":{"line":7,"column":1}},"1":{"start":{"line":3,"column":12},"end":{"line":3,"column":28}},"2":{"start":{"line":3,"column":34},"end":{"line":3,"column":125}},"3":{"start":{"line":4,"column":4},"end":{"line":5,"column":150}},"4":{"start":{"line":4,"column":79},"end":{"line":4,"column":131}},"5":{"start":{"line":5,"column":9},"end":{"line":5,"column":150}},"6":{"start":{"line":5,"column":22},"end":{"line":5,"column":43}},"7":{"start":{"line":5,"column":58},"end":{"line":5,"column":150}},"8":{"start":{"line":5,"column":81},"end":{"line":5,"column":150}},"9":{"start":{"line":6,"column":4},"end":{"line":6,"column":66}},"10":{"start":{"line":8,"column":17},"end":{"line":10,"column":1}},"11":{"start":{"line":9,"column":4},"end":{"line":9,"column":109}},"12":{"start":{"line":9,"column":79},"end":{"line":9,"column":109}},"13":{"start":{"line":11,"column":0},"end":{"line":11,"column":62}},"14":{"start":{"line":12,"column":0},"end":{"line":12,"column":22}},"15":{"start":{"line":13,"column":31},"end":{"line":13,"column":62}},"16":{"start":{"line":14,"column":11},"end":{"line":15,"column":1}},"17":{"start":{"line":16,"column":0},"end":{"line":16,"column":20}},"18":{"start":{"line":17,"column":0},"end":{"line":22,"column":33}},"19":{"start":{"line":23,"column":0},"end":{"line":26,"column":40}},"20":{"start":{"line":27,"column":0},"end":{"line":30,"column":39}},"21":{"start":{"line":31,"column":0},"end":{"line":34,"column":36}},"22":{"start":{"line":35,"column":0},"end":{"line":38,"column":39}},"23":{"start":{"line":39,"column":0},"end":{"line":42,"column":40}},"24":{"start":{"line":43,"column":0},"end":{"line":46,"column":40}},"25":{"start":{"line":47,"column":0},"end":{"line":49,"column":9}}},"fnMap":{"0":{"name":"(anonymous_0)","decl":{"start":{"line":2,"column":46},"end":{"line":2,"column":47}},"loc":{"start":{"line":2,"column":87},"end":{"line":7,"column":1}},"line":2},"1":{"name":"(anonymous_1)","decl":{"start":{"line":8,"column":46},"end":{"line":8,"column":47}},"loc":{"start":{"line":8,"column":62},"end":{"line":10,"column":1}},"line":8}},"branchMap":{"0":{"loc":{"start":{"line":2,"column":17},"end":{"line":7,"column":1}},"type":"binary-expr","locations":[{"start":{"line":2,"column":18},"end":{"line":2,"column":22}},{"start":{"line":2,"column":26},"end":{"line":2,"column":41}},{"start":{"line":2,"column":46},"end":{"line":7,"column":1}}],"line":2},"1":{"loc":{"start":{"line":3,"column":34},"end":{"line":3,"column":125}},"type":"cond-expr","locations":[{"start":{"line":3,"column":42},"end":{"line":3,"column":48}},{"start":{"line":3,"column":51},"end":{"line":3,"column":125}}],"line":3},"2":{"loc":{"start":{"line":3,"column":51},"end":{"line":3,"column":125}},"type":"cond-expr","locations":[{"start":{"line":3,"column":67},"end":{"line":3,"column":118}},{"start":{"line":3,"column":121},"end":{"line":3,"column":125}}],"line":3},"3":{"loc":{"start":{"line":4,"column":4},"end":{"line":5,"column":150}},"type":"if","locations":[{"start":{"line":4,"column":4},"end":{"line":5,"column":150}},{"start":{"line":5,"column":9},"end":{"line":5,"column":150}}],"line":4},"4":{"loc":{"start":{"line":4,"column":8},"end":{"line":4,"column":77}},"type":"binary-expr","locations":[{"start":{"line":4,"column":8},"end":{"line":4,"column":35}},{"start":{"line":4,"column":39},"end":{"line":4,"column":77}}],"line":4},"5":{"loc":{"start":{"line":5,"column":58},"end":{"line":5,"column":150}},"type":"if","locations":[{"start":{"line":5,"column":58},"end":{"line":5,"column":150}},{"start":{},"end":{}}],"line":5},"6":{"loc":{"start":{"line":5,"column":85},"end":{"line":5,"column":149}},"type":"binary-expr","locations":[{"start":{"line":5,"column":86},"end":{"line":5,"column":143}},{"start":{"line":5,"column":148},"end":{"line":5,"column":149}}],"line":5},"7":{"loc":{"start":{"line":5,"column":86},"end":{"line":5,"column":143}},"type":"cond-expr","locations":[{"start":{"line":5,"column":94},"end":{"line":5,"column":98}},{"start":{"line":5,"column":101},"end":{"line":5,"column":143}}],"line":5},"8":{"loc":{"start":{"line":5,"column":101},"end":{"line":5,"column":143}},"type":"cond-expr","locations":[{"start":{"line":5,"column":109},"end":{"line":5,"column":126}},{"start":{"line":5,"column":129},"end":{"line":5,"column":143}}],"line":5},"9":{"loc":{"start":{"line":6,"column":11},"end":{"line":6,"column":62}},"type":"binary-expr","locations":[{"start":{"line":6,"column":11},"end":{"line":6,"column":16}},{"start":{"line":6,"column":20},"end":{"line":6,"column":21}},{"start":{"line":6,"column":25},"end":{"line":6,"column":62}}],"line":6},"10":{"loc":{"start":{"line":8,"column":17},"end":{"line":10,"column":1}},"type":"binary-expr","locations":[{"start":{"line":8,"column":18},"end":{"line":8,"column":22}},{"start":{"line":8,"column":26},"end":{"line":8,"column":41}},{"start":{"line":8,"column":46},"end":{"line":10,"column":1}}],"line":8},"11":{"loc":{"start":{"line":9,"column":4},"end":{"line":9,"column":109}},"type":"if","locations":[{"start":{"line":9,"column":4},"end":{"line":9,"column":109}},{"start":{},"end":{}}],"line":9},"12":{"loc":{"start":{"line":9,"column":8},"end":{"line":9,"column":77}},"type":"binary-expr","locations":[{"start":{"line":9,"column":8},"end":{"line":9,"column":35}},{"start":{"line":9,"column":39},"end":{"line":9,"column":77}}],"line":9}},"s":{"0":1,"1":8,"2":8,"3":8,"4":8,"5":0,"6":0,"7":0,"8":0,"9":8,"10":1,"11":7,"12":7,"13":1,"14":1,"15":1,"16":1,"17":1,"18":1,"19":1,"20":1,"21":1,"22":1,"23":1,"24":1,"25":1},"f":{"0":8,"1":7},"b":{"0":[1,1,1],"1":[1,7],"2":[0,7],"3":[8,0],"4":[8,8],"5":[0,0],"6":[0,0],"7":[0,0],"8":[0,0],"9":[8,7,0],"10":[1,1,1],"11":[7,0],"12":[7,7]},"inputSourceMap":null,"_coverageSchema":"1a1c01bbd47fc00a2c39e90264f33305004495a9","hash":"eaf1ec4bf2629ecc71a0ce738282e78cc694b381"}
,"D:\\programms\\node\\express\\build\\src\\repositories\\user.repository.js": {"path":"D:\\programms\\node\\express\\build\\src\\repositories\\user.repository.js","statementMap":{"0":{"start":{"line":2,"column":16},"end":{"line":10,"column":1}},"1":{"start":{"line":3,"column":28},"end":{"line":3,"column":110}},"2":{"start":{"line":3,"column":91},"end":{"line":3,"column":106}},"3":{"start":{"line":4,"column":4},"end":{"line":9,"column":7}},"4":{"start":{"line":5,"column":36},"end":{"line":5,"column":97}},"5":{"start":{"line":5,"column":42},"end":{"line":5,"column":70}},"6":{"start":{"line":5,"column":85},"end":{"line":5,"column":95}},"7":{"start":{"line":6,"column":35},"end":{"line":6,"column":100}},"8":{"start":{"line":6,"column":41},"end":{"line":6,"column":73}},"9":{"start":{"line":6,"column":88},"end":{"line":6,"column":98}},"10":{"start":{"line":7,"column":32},"end":{"line":7,"column":116}},"11":{"start":{"line":8,"column":8},"end":{"line":8,"column":78}},"12":{"start":{"line":11,"column":22},"end":{"line":13,"column":1}},"13":{"start":{"line":12,"column":4},"end":{"line":12,"column":62}},"14":{"start":{"line":14,"column":0},"end":{"line":14,"column":62}},"15":{"start":{"line":15,"column":0},"end":{"line":15,"column":32}},"16":{"start":{"line":16,"column":16},"end":{"line":16,"column":59}},"17":{"start":{"line":17,"column":18},"end":{"line":17,"column":45}},"18":{"start":{"line":20,"column":8},"end":{"line":22,"column":11}},"19":{"start":{"line":21,"column":12},"end":{"line":21,"column":45}},"20":{"start":{"line":25,"column":8},"end":{"line":27,"column":11}},"21":{"start":{"line":26,"column":12},"end":{"line":26,"column":65}},"22":{"start":{"line":30,"column":8},"end":{"line":32,"column":11}},"23":{"start":{"line":31,"column":12},"end":{"line":31,"column":48}},"24":{"start":{"line":35,"column":8},"end":{"line":37,"column":11}},"25":{"start":{"line":36,"column":12},"end":{"line":36,"column":51}},"26":{"start":{"line":40,"column":8},"end":{"line":44,"column":11}},"27":{"start":{"line":41,"column":12},"end":{"line":43,"column":15}},"28":{"start":{"line":47,"column":8},"end":{"line":49,"column":11}},"29":{"start":{"line":48,"column":12},"end":{"line":48,"column":62}},"30":{"start":{"line":52,"column":0},"end":{"line":52,"column":40}}},"fnMap":{"0":{"name":"(anonymous_0)","decl":{"start":{"line":2,"column":44},"end":{"line":2,"column":45}},"loc":{"start":{"line":2,"column":89},"end":{"line":10,"column":1}},"line":2},"1":{"name":"adopt","decl":{"start":{"line":3,"column":13},"end":{"line":3,"column":18}},"loc":{"start":{"line":3,"column":26},"end":{"line":3,"column":112}},"line":3},"2":{"name":"(anonymous_2)","decl":{"start":{"line":3,"column":70},"end":{"line":3,"column":71}},"loc":{"start":{"line":3,"column":89},"end":{"line":3,"column":108}},"line":3},"3":{"name":"(anonymous_3)","decl":{"start":{"line":4,"column":36},"end":{"line":4,"column":37}},"loc":{"start":{"line":4,"column":63},"end":{"line":9,"column":5}},"line":4},"4":{"name":"fulfilled","decl":{"start":{"line":5,"column":17},"end":{"line":5,"column":26}},"loc":{"start":{"line":5,"column":34},"end":{"line":5,"column":99}},"line":5},"5":{"name":"rejected","decl":{"start":{"line":6,"column":17},"end":{"line":6,"column":25}},"loc":{"start":{"line":6,"column":33},"end":{"line":6,"column":102}},"line":6},"6":{"name":"step","decl":{"start":{"line":7,"column":17},"end":{"line":7,"column":21}},"loc":{"start":{"line":7,"column":30},"end":{"line":7,"column":118}},"line":7},"7":{"name":"(anonymous_7)","decl":{"start":{"line":11,"column":56},"end":{"line":11,"column":57}},"loc":{"start":{"line":11,"column":71},"end":{"line":13,"column":1}},"line":11},"8":{"name":"(anonymous_8)","decl":{"start":{"line":19,"column":4},"end":{"line":19,"column":5}},"loc":{"start":{"line":19,"column":14},"end":{"line":23,"column":5}},"line":19},"9":{"name":"(anonymous_9)","decl":{"start":{"line":20,"column":47},"end":{"line":20,"column":48}},"loc":{"start":{"line":20,"column":60},"end":{"line":22,"column":9}},"line":20},"10":{"name":"(anonymous_10)","decl":{"start":{"line":24,"column":4},"end":{"line":24,"column":5}},"loc":{"start":{"line":24,"column":27},"end":{"line":28,"column":5}},"line":24},"11":{"name":"(anonymous_11)","decl":{"start":{"line":25,"column":47},"end":{"line":25,"column":48}},"loc":{"start":{"line":25,"column":60},"end":{"line":27,"column":9}},"line":25},"12":{"name":"(anonymous_12)","decl":{"start":{"line":29,"column":4},"end":{"line":29,"column":5}},"loc":{"start":{"line":29,"column":21},"end":{"line":33,"column":5}},"line":29},"13":{"name":"(anonymous_13)","decl":{"start":{"line":30,"column":47},"end":{"line":30,"column":48}},"loc":{"start":{"line":30,"column":60},"end":{"line":32,"column":9}},"line":30},"14":{"name":"(anonymous_14)","decl":{"start":{"line":34,"column":4},"end":{"line":34,"column":5}},"loc":{"start":{"line":34,"column":24},"end":{"line":38,"column":5}},"line":34},"15":{"name":"(anonymous_15)","decl":{"start":{"line":35,"column":47},"end":{"line":35,"column":48}},"loc":{"start":{"line":35,"column":60},"end":{"line":37,"column":9}},"line":35},"16":{"name":"(anonymous_16)","decl":{"start":{"line":39,"column":4},"end":{"line":39,"column":5}},"loc":{"start":{"line":39,"column":28},"end":{"line":45,"column":5}},"line":39},"17":{"name":"(anonymous_17)","decl":{"start":{"line":40,"column":47},"end":{"line":40,"column":48}},"loc":{"start":{"line":40,"column":60},"end":{"line":44,"column":9}},"line":40},"18":{"name":"(anonymous_18)","decl":{"start":{"line":46,"column":4},"end":{"line":46,"column":5}},"loc":{"start":{"line":46,"column":19},"end":{"line":50,"column":5}},"line":46},"19":{"name":"(anonymous_19)","decl":{"start":{"line":47,"column":47},"end":{"line":47,"column":48}},"loc":{"start":{"line":47,"column":60},"end":{"line":49,"column":9}},"line":47}},"branchMap":{"0":{"loc":{"start":{"line":2,"column":16},"end":{"line":10,"column":1}},"type":"binary-expr","locations":[{"start":{"line":2,"column":17},"end":{"line":2,"column":21}},{"start":{"line":2,"column":25},"end":{"line":2,"column":39}},{"start":{"line":2,"column":44},"end":{"line":10,"column":1}}],"line":2},"1":{"loc":{"start":{"line":3,"column":35},"end":{"line":3,"column":109}},"type":"cond-expr","locations":[{"start":{"line":3,"column":56},"end":{"line":3,"column":61}},{"start":{"line":3,"column":64},"end":{"line":3,"column":109}}],"line":3},"2":{"loc":{"start":{"line":4,"column":16},"end":{"line":4,"column":34}},"type":"binary-expr","locations":[{"start":{"line":4,"column":16},"end":{"line":4,"column":17}},{"start":{"line":4,"column":22},"end":{"line":4,"column":33}}],"line":4},"3":{"loc":{"start":{"line":7,"column":32},"end":{"line":7,"column":115}},"type":"cond-expr","locations":[{"start":{"line":7,"column":46},"end":{"line":7,"column":67}},{"start":{"line":7,"column":70},"end":{"line":7,"column":115}}],"line":7},"4":{"loc":{"start":{"line":8,"column":51},"end":{"line":8,"column":67}},"type":"binary-expr","locations":[{"start":{"line":8,"column":51},"end":{"line":8,"column":61}},{"start":{"line":8,"column":65},"end":{"line":8,"column":67}}],"line":8},"5":{"loc":{"start":{"line":11,"column":22},"end":{"line":13,"column":1}},"type":"binary-expr","locations":[{"start":{"line":11,"column":23},"end":{"line":11,"column":27}},{"start":{"line":11,"column":31},"end":{"line":11,"column":51}},{"start":{"line":11,"column":56},"end":{"line":13,"column":1}}],"line":11},"6":{"loc":{"start":{"line":12,"column":11},"end":{"line":12,"column":61}},"type":"cond-expr","locations":[{"start":{"line":12,"column":37},"end":{"line":12,"column":40}},{"start":{"line":12,"column":43},"end":{"line":12,"column":61}}],"line":12},"7":{"loc":{"start":{"line":12,"column":12},"end":{"line":12,"column":33}},"type":"binary-expr","locations":[{"start":{"line":12,"column":12},"end":{"line":12,"column":15}},{"start":{"line":12,"column":19},"end":{"line":12,"column":33}}],"line":12}},"s":{"0":1,"1":1,"2":0,"3":1,"4":0,"5":0,"6":0,"7":1,"8":1,"9":1,"10":1,"11":1,"12":1,"13":1,"14":1,"15":1,"16":1,"17":1,"18":0,"19":0,"20":1,"21":1,"22":0,"23":0,"24":0,"25":0,"26":0,"27":0,"28":0,"29":0,"30":1},"f":{"0":1,"1":1,"2":0,"3":1,"4":0,"5":1,"6":1,"7":1,"8":0,"9":0,"10":1,"11":1,"12":0,"13":0,"14":0,"15":0,"16":0,"17":0,"18":0,"19":0},"b":{"0":[1,1,1],"1":[1,0],"2":[1,1],"3":[0,1],"4":[1,1],"5":[1,1,1],"6":[1,0],"7":[1,1]},"inputSourceMap":null,"_coverageSchema":"1a1c01bbd47fc00a2c39e90264f33305004495a9","hash":"bbc2f3a9cef25ac9089ce99bfa9bacbbb231c6d0"}
,"D:\\programms\\node\\express\\build\\src\\routes\\auth.js": {"path":"D:\\programms\\node\\express\\build\\src\\routes\\auth.js","statementMap":{"0":{"start":{"line":2,"column":22},"end":{"line":4,"column":1}},"1":{"start":{"line":3,"column":4},"end":{"line":3,"column":62}},"2":{"start":{"line":5,"column":0},"end":{"line":5,"column":62}},"3":{"start":{"line":6,"column":18},"end":{"line":6,"column":53}},"4":{"start":{"line":7,"column":26},"end":{"line":7,"column":67}},"5":{"start":{"line":8,"column":26},"end":{"line":8,"column":67}},"6":{"start":{"line":9,"column":29},"end":{"line":9,"column":72}},"7":{"start":{"line":10,"column":37},"end":{"line":10,"column":99}},"8":{"start":{"line":11,"column":28},"end":{"line":11,"column":98}},"9":{"start":{"line":12,"column":15},"end":{"line":12,"column":41}},"10":{"start":{"line":13,"column":0},"end":{"line":15,"column":107}},"11":{"start":{"line":16,"column":0},"end":{"line":18,"column":126}},"12":{"start":{"line":19,"column":0},"end":{"line":19,"column":25}}},"fnMap":{"0":{"name":"(anonymous_0)","decl":{"start":{"line":2,"column":56},"end":{"line":2,"column":57}},"loc":{"start":{"line":2,"column":71},"end":{"line":4,"column":1}},"line":2}},"branchMap":{"0":{"loc":{"start":{"line":2,"column":22},"end":{"line":4,"column":1}},"type":"binary-expr","locations":[{"start":{"line":2,"column":23},"end":{"line":2,"column":27}},{"start":{"line":2,"column":31},"end":{"line":2,"column":51}},{"start":{"line":2,"column":56},"end":{"line":4,"column":1}}],"line":2},"1":{"loc":{"start":{"line":3,"column":11},"end":{"line":3,"column":61}},"type":"cond-expr","locations":[{"start":{"line":3,"column":37},"end":{"line":3,"column":40}},{"start":{"line":3,"column":43},"end":{"line":3,"column":61}}],"line":3},"2":{"loc":{"start":{"line":3,"column":12},"end":{"line":3,"column":33}},"type":"binary-expr","locations":[{"start":{"line":3,"column":12},"end":{"line":3,"column":15}},{"start":{"line":3,"column":19},"end":{"line":3,"column":33}}],"line":3}},"s":{"0":1,"1":2,"2":1,"3":1,"4":1,"5":1,"6":1,"7":1,"8":1,"9":1,"10":1,"11":1,"12":1},"f":{"0":2},"b":{"0":[1,1,1],"1":[1,1],"2":[2,2]},"inputSourceMap":null,"_coverageSchema":"1a1c01bbd47fc00a2c39e90264f33305004495a9","hash":"92bb5de28f0c5335fbe8a45b2df541d2c32c1bc7"}
,"D:\\programms\\node\\express\\build\\src\\routes\\users.js": {"path":"D:\\programms\\node\\express\\build\\src\\routes\\users.js","statementMap":{"0":{"start":{"line":2,"column":22},"end":{"line":4,"column":1}},"1":{"start":{"line":3,"column":4},"end":{"line":3,"column":62}},"2":{"start":{"line":5,"column":0},"end":{"line":5,"column":62}},"3":{"start":{"line":6,"column":18},"end":{"line":6,"column":53}},"4":{"start":{"line":7,"column":26},"end":{"line":7,"column":67}},"5":{"start":{"line":8,"column":37},"end":{"line":8,"column":99}},"6":{"start":{"line":9,"column":29},"end":{"line":9,"column":72}},"7":{"start":{"line":10,"column":15},"end":{"line":10,"column":41}},"8":{"start":{"line":11,"column":0},"end":{"line":15,"column":39}},"9":{"start":{"line":16,"column":0},"end":{"line":18,"column":36}},"10":{"start":{"line":19,"column":0},"end":{"line":19,"column":25}}},"fnMap":{"0":{"name":"(anonymous_0)","decl":{"start":{"line":2,"column":56},"end":{"line":2,"column":57}},"loc":{"start":{"line":2,"column":71},"end":{"line":4,"column":1}},"line":2}},"branchMap":{"0":{"loc":{"start":{"line":2,"column":22},"end":{"line":4,"column":1}},"type":"binary-expr","locations":[{"start":{"line":2,"column":23},"end":{"line":2,"column":27}},{"start":{"line":2,"column":31},"end":{"line":2,"column":51}},{"start":{"line":2,"column":56},"end":{"line":4,"column":1}}],"line":2},"1":{"loc":{"start":{"line":3,"column":11},"end":{"line":3,"column":61}},"type":"cond-expr","locations":[{"start":{"line":3,"column":37},"end":{"line":3,"column":40}},{"start":{"line":3,"column":43},"end":{"line":3,"column":61}}],"line":3},"2":{"loc":{"start":{"line":3,"column":12},"end":{"line":3,"column":33}},"type":"binary-expr","locations":[{"start":{"line":3,"column":12},"end":{"line":3,"column":15}},{"start":{"line":3,"column":19},"end":{"line":3,"column":33}}],"line":3}},"s":{"0":1,"1":1,"2":1,"3":1,"4":1,"5":1,"6":1,"7":1,"8":1,"9":1,"10":1},"f":{"0":1},"b":{"0":[1,1,1],"1":[0,1],"2":[1,1]},"inputSourceMap":null,"_coverageSchema":"1a1c01bbd47fc00a2c39e90264f33305004495a9","hash":"beae9aa870522194758b572c2cc76ccedc0032e7"}
}
